<?xml version="1.0" encoding="UTF-8"?>
<!-- Generated by org.testng.reporters.JUnitReportReporter -->
<testsuite hostname="HDC4-D-3891RG2" failures="0" tests="1" name="Day1.ActionTest1" time="19.042" errors="0" timestamp="27 Mar 2019 09:52:45 GMT" skipped="0">
  <testcase classname="Day1.ActionTest1" name="f" time="19.042"/>
</testsuite> <!-- Day1.ActionTest1 -->
