<?xml version="1.0" encoding="UTF-8"?>
<!-- Generated by org.testng.reporters.JUnitReportReporter -->
<testsuite hostname="HDC4-D-3891RG2" failures="0" tests="1" name="test.loginwithpagefactory" time="49.854" errors="0" timestamp="28 Mar 2019 06:38:30 GMT" skipped="0">
  <testcase classname="test.loginwithpagefactory" name="f" time="49.854"/>
</testsuite> <!-- test.loginwithpagefactory -->
