<?xml version="1.0" encoding="UTF-8"?>
<!-- Generated by org.testng.reporters.JUnitReportReporter -->
<testsuite hostname="HDC4-D-3891RG2" failures="0" tests="1" name="test.VerifyLogin" time="53.800" errors="0" timestamp="28 Mar 2019 07:02:20 GMT" skipped="0">
  <testcase classname="test.VerifyLogin" name="f" time="53.800"/>
</testsuite> <!-- test.VerifyLogin -->
